Sun Jun  4 07:57:36 2023   INFO [REDIS_ZMQ] src/itwconfig.cpp:150:895856384 configer file path is [/home/limd/work/gitHub/share/redisMQ/conf/redis_mq.conf]
Sun Jun  4 07:57:36 2023  DEBUG [REDIS_ZMQ] src/data_switch.cpp:11:895856384 DataSwitch::DataSwitch()
Sun Jun  4 07:57:36 2023  DEBUG [REDIS_ZMQ] src/data_switch.cpp:26:895856384 DataSwitch::init()
Sun Jun  4 07:57:36 2023  DEBUG [REDIS_ZMQ] src/data_switch.cpp:240:895856384 fetch_Data()
Sun Jun  4 07:57:36 2023  DEBUG [REDIS_ZMQ] src/data_switch.cpp:264:895856384 push_Data()
Sun Jun  4 07:57:36 2023  DEBUG [REDIS_ZMQ] src/data_switch.cpp:86:895856384 fetch_thread()
Sun Jun  4 07:57:36 2023  DEBUG [REDIS_ZMQ] src/data_switch.cpp:164:741287680 push_thread()
Sun Jun  4 07:57:36 2023  DEBUG [REDIS_ZMQ] src/taskwork.cpp:139:895856384 create_publish_process() 
Sun Jun  4 07:57:36 2023  DEBUG [REDIS_ZMQ] src/data_switch.cpp:164:749680384 push_thread()
Sun Jun  4 07:57:36 2023  DEBUG [REDIS_ZMQ] src/data_switch.cpp:94:758073088 fetch_thread()
Tue Jun  6 08:12:50 2023   INFO [REDIS_ZMQ] src/itwconfig.cpp:150:-1736552704 configer file path is [/home/limd/work/gitHub/share/redisMQ/conf/redis_mq.conf]
Tue Jun  6 08:12:50 2023  DEBUG [REDIS_ZMQ] src/data_switch.cpp:11:-1736552704 DataSwitch::DataSwitch()
Tue Jun  6 08:12:50 2023  DEBUG [REDIS_ZMQ] src/data_switch.cpp:26:-1736552704 DataSwitch::init()
Tue Jun  6 08:12:50 2023  DEBUG [REDIS_ZMQ] src/data_switch.cpp:240:-1736552704 fetch_Data()
Tue Jun  6 08:12:50 2023  DEBUG [REDIS_ZMQ] src/data_switch.cpp:264:-1736552704 push_Data()
Tue Jun  6 08:12:50 2023  DEBUG [REDIS_ZMQ] src/data_switch.cpp:86:-1736552704 fetch_thread()
Tue Jun  6 08:12:50 2023  DEBUG [REDIS_ZMQ] src/taskwork.cpp:139:-1736552704 create_publish_process() 
Tue Jun  6 08:12:50 2023  DEBUG [REDIS_ZMQ] src/data_switch.cpp:164:-1962944768 push_thread()
Tue Jun  6 08:12:50 2023  DEBUG [REDIS_ZMQ] src/data_switch.cpp:164:-1954552064 push_thread()
Tue Jun  6 08:12:50 2023  DEBUG [REDIS_ZMQ] src/data_switch.cpp:94:-1946159360 fetch_thread()
Tue Jun  6 08:17:44 2023   INFO [REDIS_ZMQ] src/itwconfig.cpp:150:-1344364800 configer file path is [/home/limd/work/gitHub/share/redisMQ/conf/redis_mq.conf]
Tue Jun  6 08:17:44 2023  DEBUG [REDIS_ZMQ] src/data_switch.cpp:11:-1344364800 DataSwitch::DataSwitch()
Tue Jun  6 08:17:44 2023  DEBUG [REDIS_ZMQ] src/data_switch.cpp:26:-1344364800 DataSwitch::init()
Tue Jun  6 08:17:44 2023  DEBUG [REDIS_ZMQ] src/data_switch.cpp:240:-1344364800 fetch_Data()
Tue Jun  6 08:17:44 2023  DEBUG [REDIS_ZMQ] src/data_switch.cpp:264:-1344364800 push_Data()
Tue Jun  6 08:17:44 2023  DEBUG [REDIS_ZMQ] src/data_switch.cpp:86:-1344364800 fetch_thread()
Tue Jun  6 08:17:44 2023  DEBUG [REDIS_ZMQ] src/data_switch.cpp:164:-1498933504 push_thread()
Tue Jun  6 08:17:44 2023  DEBUG [REDIS_ZMQ] src/data_switch.cpp:164:-1490540800 push_thread()Tue Jun  6 08:17:44 2023  DEBUG [REDIS_ZMQ] src/taskwork.cpp:139:-1344364800 create_publish_process() 

Tue Jun  6 08:17:44 2023  DEBUG [REDIS_ZMQ] src/data_switch.cpp:94:-1482148096 fetch_thread()
Tue Jun  6 08:19:14 2023   INFO [REDIS_ZMQ] src/itwconfig.cpp:150:758923008 configer file path is [/home/limd/work/gitHub/share/redisMQ/conf/redis_mq.conf]
Tue Jun  6 08:19:14 2023  DEBUG [REDIS_ZMQ] src/data_switch.cpp:11:758923008 DataSwitch::DataSwitch()
Tue Jun  6 08:19:14 2023  DEBUG [REDIS_ZMQ] src/data_switch.cpp:26:758923008 DataSwitch::init()
Tue Jun  6 08:19:14 2023  DEBUG [REDIS_ZMQ] src/data_switch.cpp:240:758923008 fetch_Data()
Tue Jun  6 08:19:14 2023  DEBUG [REDIS_ZMQ] src/data_switch.cpp:264:758923008 push_Data()
Tue Jun  6 08:19:14 2023  DEBUG [REDIS_ZMQ] src/taskwork.cpp:139:758923008 create_publish_process() Tue Jun  6 08:19:14 2023  DEBUG [REDIS_ZMQ] src/data_switch.cpp:94:621139712 
fetch_thread()
Tue Jun  6 08:19:14 2023  DEBUG [REDIS_ZMQ] src/data_switch.cpp:86:758923008 fetch_thread()
Tue Jun  6 08:19:14 2023  DEBUG [REDIS_ZMQ] src/data_switch.cpp:164:612747008 push_thread()
Tue Jun  6 08:19:14 2023  DEBUG [REDIS_ZMQ] src/data_switch.cpp:164:536868608 push_thread()
Tue Jun  6 08:20:51 2023   INFO [REDIS_ZMQ] src/itwconfig.cpp:150:491855616 configer file path is [/home/limd/work/gitHub/share/redisMQ/conf/redis_mq.conf]
Tue Jun  6 08:20:51 2023  DEBUG [REDIS_ZMQ] src/data_switch.cpp:11:491855616 DataSwitch::DataSwitch()
Tue Jun  6 08:20:51 2023  DEBUG [REDIS_ZMQ] src/data_switch.cpp:26:491855616 DataSwitch::init()
Tue Jun  6 08:20:51 2023  DEBUG [REDIS_ZMQ] src/data_switch.cpp:240:491855616 fetch_Data()
Tue Jun  6 08:20:51 2023  DEBUG [REDIS_ZMQ] src/data_switch.cpp:264:491855616 push_Data()
Tue Jun  6 08:20:51 2023  DEBUG [REDIS_ZMQ] src/data_switch.cpp:94:354072320 fetch_thread()
Tue Jun  6 08:20:51 2023  DEBUG [REDIS_ZMQ] src/taskwork.cpp:139:491855616 create_publish_process() 
Tue Jun  6 08:20:51 2023  DEBUG [REDIS_ZMQ] src/data_switch.cpp:86:491855616 fetch_thread()
Tue Jun  6 08:20:51 2023  DEBUG [REDIS_ZMQ] src/data_switch.cpp:164:268433152 push_thread()
Tue Jun  6 08:20:51 2023  DEBUG [REDIS_ZMQ] src/data_switch.cpp:164:345679616 push_thread()
Tue Jun  6 08:21:26 2023   INFO [REDIS_ZMQ] src/itwconfig.cpp:150:-1253998848 configer file path is [/home/limd/work/gitHub/share/redisMQ/conf/redis_mq.conf]
Tue Jun  6 08:21:26 2023  DEBUG [REDIS_ZMQ] src/data_switch.cpp:11:-1253998848 DataSwitch::DataSwitch()
Tue Jun  6 08:21:26 2023  DEBUG [REDIS_ZMQ] src/data_switch.cpp:26:-1253998848 DataSwitch::init()
Tue Jun  6 08:21:26 2023  DEBUG [REDIS_ZMQ] src/data_switch.cpp:240:-1253998848 fetch_Data()
Tue Jun  6 08:21:26 2023  DEBUG [REDIS_ZMQ] src/data_switch.cpp:264:-1253998848 push_Data()
Tue Jun  6 08:21:26 2023  DEBUG [REDIS_ZMQ] src/data_switch.cpp:94:-1391782144 fetch_thread()
Tue Jun  6 08:21:26 2023  DEBUG [REDIS_ZMQ] src/taskwork.cpp:139:-1253998848 create_publish_process() Tue Jun  6 08:21:26 2023  DEBUG [REDIS_ZMQ] src/data_switch.cpp:164:-1400174848 push_thread()

Tue Jun  6 08:21:26 2023  DEBUG [REDIS_ZMQ] src/data_switch.cpp:164:-1476397312 push_thread()
Tue Jun  6 08:21:26 2023  DEBUG [REDIS_ZMQ] src/data_switch.cpp:86:-1253998848 fetch_thread()
Tue Jun  6 08:22:19 2023   INFO [REDIS_ZMQ] src/itwconfig.cpp:150:65949440 configer file path is [/home/limd/work/gitHub/share/redisMQ/conf/redis_mq.conf]
Tue Jun  6 08:22:19 2023  DEBUG [REDIS_ZMQ] src/data_switch.cpp:11:65949440 DataSwitch::DataSwitch()
Tue Jun  6 08:22:19 2023  DEBUG [REDIS_ZMQ] src/data_switch.cpp:26:65949440 DataSwitch::init()
Tue Jun  6 08:22:19 2023  DEBUG [REDIS_ZMQ] src/data_switch.cpp:240:65949440 fetch_Data()
Tue Jun  6 08:22:19 2023  DEBUG [REDIS_ZMQ] src/data_switch.cpp:264:65949440 push_Data()
Tue Jun  6 08:22:19 2023  DEBUG [REDIS_ZMQ] src/data_switch.cpp:94:-71833856 fetch_thread()
Tue Jun  6 08:22:19 2023  DEBUG [REDIS_ZMQ] src/data_switch.cpp:86:65949440 fetch_thread()
Tue Jun  6 08:22:19 2023  DEBUG [REDIS_ZMQ] src/taskwork.cpp:139:65949440 create_publish_process() 
Tue Jun  6 08:22:19 2023  DEBUG [REDIS_ZMQ] src/data_switch.cpp:164:-88619264 push_thread()
Tue Jun  6 08:22:19 2023  DEBUG [REDIS_ZMQ] src/data_switch.cpp:164:-80226560 push_thread()
